reports/com-arkivanov-decompose/2-1-4-compose-experimental-to-2-2-3/run-26309667978/phase1/before/shared/build/outputs/logs/manifest-merger-release-report.txt
-- Merging decision tree log ---
manifest
ADDED from ProcessLibraryManifest/release/tempAndroidManifest15327857054664942155.xml:2:13-83
INJECTED from ProcessLibraryManifest/release/tempAndroidManifest15327857054664942155.xml:2:13-83
	package
		INJECTED from ProcessLibraryManifest/release/tempAndroidManifest15327857054664942155.xml
	xmlns:android
		ADDED from ProcessLibraryManifest/release/tempAndroidManifest15327857054664942155.xml:2:23-81
uses-sdk
INJECTED from ProcessLibraryManifest/release/tempAndroidManifest15327857054664942155.xml reason: use-sdk injection requested
INJECTED from ProcessLibraryManifest/release/tempAndroidManifest15327857054664942155.xml
INJECTED from ProcessLibraryManifest/release/tempAndroidManifest15327857054664942155.xml
	android:targetSdkVersion
		INJECTED from ProcessLibraryManifest/release/tempAndroidManifest15327857054664942155.xml
	android:minSdkVersion
		INJECTED from ProcessLibraryManifest/release/tempAndroidManifest15327857054664942155.xml